00:30:29.922 [INFO ] [BaseTestFront] - The Test Suite front.suites.ContactsFrontTest has started
00:30:33.388 [INFO ] [BaseTestFront] - Local Driver
00:30:33.389 [INFO ] [BaseTestFront] -  Base Url: https://thinking-tester-contact-list.herokuapp.com/ Browser: chrome
00:30:33.389 [INFO ] [BaseTestFront] - Driver: ChromeDriver: chrome on windows (42ad4bce0b7a7dc899f169ea28315a4c)
00:30:37.626 [INFO ] [ContactsFrontTest] - The Test Suite front.suites.ContactsFrontTest has started
00:30:37.639 [INFO ] [ContactsFrontTest] - 
 ----------------------------------------------------------------------
00:30:37.680 [INFO ] [ContactsFrontTest] -  -------------- Step 1 Login Page ------------------
00:30:37.737 [INFO ] [ExplicitWaits] - Waiting for max:: 15 seconds for element [[ChromeDriver: chrome on windows (42ad4bce0b7a7dc899f169ea28315a4c)] -> xpath: //h1] to be visible
00:30:37.821 [INFO ] [ExplicitWaits] - Element [[ChromeDriver: chrome on windows (42ad4bce0b7a7dc899f169ea28315a4c)] -> xpath: //h1] is present
00:30:37.874 [INFO ] [SeleniumActions] - The text of the WebElement: [[ChromeDriver: chrome on windows (42ad4bce0b7a7dc899f169ea28315a4c)] -> xpath: //h1] is : Contact List App
00:30:37.875 [INFO ] [SupportValidations] - The Actual Header is: Contact List App The Expected Header is: Contact List App
00:30:37.896 [INFO ] [ExplicitWaits] - Waiting for max:: 15 seconds for element [[ChromeDriver: chrome on windows (42ad4bce0b7a7dc899f169ea28315a4c)] -> xpath: //input[@id='email']] to be visible
00:30:37.954 [INFO ] [ExplicitWaits] - Element [[ChromeDriver: chrome on windows (42ad4bce0b7a7dc899f169ea28315a4c)] -> xpath: //input[@id='email']] is present
00:30:38.207 [INFO ] [SeleniumActions] - Send the text to the WebElement: [[ChromeDriver: chrome on windows (42ad4bce0b7a7dc899f169ea28315a4c)] -> xpath: //input[@id='email']]
00:30:38.207 [INFO ] [LoginPage] - Fill the input with the email: outputmail@gmail.com
00:30:38.231 [INFO ] [ExplicitWaits] - Waiting for max:: 15 seconds for element [[ChromeDriver: chrome on windows (42ad4bce0b7a7dc899f169ea28315a4c)] -> xpath: //input[@id='password']] to be visible
00:30:38.280 [INFO ] [ExplicitWaits] - Element [[ChromeDriver: chrome on windows (42ad4bce0b7a7dc899f169ea28315a4c)] -> xpath: //input[@id='password']] is present
00:30:38.485 [INFO ] [SeleniumActions] - Send the text to the WebElement: [[ChromeDriver: chrome on windows (42ad4bce0b7a7dc899f169ea28315a4c)] -> xpath: //input[@id='password']]
00:30:38.485 [INFO ] [LoginPage] - Fill the input with the email: Test#123
00:30:38.512 [INFO ] [ExplicitWaits] - Waiting for max:: 15 seconds for element [[ChromeDriver: chrome on windows (42ad4bce0b7a7dc899f169ea28315a4c)] -> xpath: //button[@id='submit']] to be clickable
00:30:38.662 [INFO ] [ExplicitWaits] - Element [[ChromeDriver: chrome on windows (42ad4bce0b7a7dc899f169ea28315a4c)] -> xpath: //button[@id='submit']] is clickable
00:30:38.757 [INFO ] [SeleniumActions] - The Click on a WebElement: [[ChromeDriver: chrome on windows (42ad4bce0b7a7dc899f169ea28315a4c)] -> xpath: //button[@id='submit']]
00:30:38.758 [INFO ] [LoginPage] - Click on Submit Button
00:30:38.758 [INFO ] [ContactsFrontTest] - 
 ----------------------------------------------------------------------
00:30:38.758 [INFO ] [ContactsFrontTest] -  -------------- Step 2 Click on an existing Contact Row ------------------
00:30:38.786 [INFO ] [ExplicitWaits] - Waiting for max:: 10 seconds for element Proxy element for: DefaultElementLocator 'By.xpath: //button[@id='add-contact']' to be clickable
00:30:39.941 [INFO ] [ExplicitWaits] - Element [[ChromeDriver: chrome on windows (42ad4bce0b7a7dc899f169ea28315a4c)] -> xpath: //button[@id='add-contact']] is clickable
00:30:39.954 [INFO ] [ExplicitWaits] - Waiting for max:: 10 seconds for element [[ChromeDriver: chrome on windows (42ad4bce0b7a7dc899f169ea28315a4c)] -> xpath: //h1] to be visible
00:30:39.999 [INFO ] [ExplicitWaits] - Element [[ChromeDriver: chrome on windows (42ad4bce0b7a7dc899f169ea28315a4c)] -> xpath: //h1] is present
00:30:40.043 [INFO ] [SeleniumActions] - The text of the WebElement: [[ChromeDriver: chrome on windows (42ad4bce0b7a7dc899f169ea28315a4c)] -> xpath: //h1] is : Contact List
00:30:40.044 [INFO ] [SupportValidations] - The Actual Header is: Contact List The Expected Header is: Contact List
00:30:40.089 [INFO ] [BaseTestFront] - ======FAILED=====
00:30:40.239 [INFO ] [BaseTestFront] - Exception: java.lang.IndexOutOfBoundsException: Index 1 out of bounds for length 0
	at java.base/jdk.internal.util.Preconditions.outOfBounds(Preconditions.java:100)
	at java.base/jdk.internal.util.Preconditions.outOfBoundsCheckIndex(Preconditions.java:106)
	at java.base/jdk.internal.util.Preconditions.checkIndex(Preconditions.java:302)
	at java.base/java.util.Objects.checkIndex(Objects.java:365)
	at java.base/java.util.ArrayList.get(ArrayList.java:428)
	at java.base/jdk.internal.reflect.DirectMethodHandleAccessor.invoke(DirectMethodHandleAccessor.java:103)
	at java.base/java.lang.reflect.Method.invoke(Method.java:580)
	at org.openqa.selenium.support.pagefactory.internal.LocatingElementListHandler.invoke(LocatingElementListHandler.java:39)
	at jdk.proxy2/jdk.proxy2.$Proxy38.get(Unknown Source)
	at front.pages.ContactsPage.clickOnContactTables(ContactsPage.java:67)
	at front.suites.ContactsFrontTest.deleteContact(ContactsFrontTest.java:66)
	at java.base/jdk.internal.reflect.DirectMethodHandleAccessor.invoke(DirectMethodHandleAccessor.java:103)
	at java.base/java.lang.reflect.Method.invoke(Method.java:580)
	at org.testng.internal.invokers.MethodInvocationHelper.invokeMethod(MethodInvocationHelper.java:139)
	at org.testng.internal.invokers.TestInvoker.invokeMethod(TestInvoker.java:664)
	at org.testng.internal.invokers.TestInvoker.invokeTestMethod(TestInvoker.java:228)
	at org.testng.internal.invokers.MethodRunner.runInSequence(MethodRunner.java:63)
	at org.testng.internal.invokers.TestInvoker$MethodInvocationAgent.invoke(TestInvoker.java:961)
	at org.testng.internal.invokers.TestInvoker.invokeTestMethods(TestInvoker.java:201)
	at org.testng.internal.invokers.TestMethodWorker.invokeTestMethods(TestMethodWorker.java:148)
	at org.testng.internal.invokers.TestMethodWorker.run(TestMethodWorker.java:128)
	at java.base/java.util.ArrayList.forEach(ArrayList.java:1597)
	at org.testng.TestRunner.privateRun(TestRunner.java:819)
	at org.testng.TestRunner.run(TestRunner.java:619)
	at org.testng.SuiteRunner.runTest(SuiteRunner.java:443)
	at org.testng.SuiteRunner.runSequentially(SuiteRunner.java:437)
	at org.testng.SuiteRunner.privateRun(SuiteRunner.java:397)
	at org.testng.SuiteRunner.run(SuiteRunner.java:336)
	at org.testng.SuiteRunnerWorker.runSuite(SuiteRunnerWorker.java:52)
	at org.testng.SuiteRunnerWorker.run(SuiteRunnerWorker.java:95)
	at org.testng.TestNG.runSuitesSequentially(TestNG.java:1301)
	at org.testng.TestNG.runSuitesLocally(TestNG.java:1228)
	at org.testng.TestNG.runSuites(TestNG.java:1134)
	at org.testng.TestNG.run(TestNG.java:1101)
	at org.testng.remote.AbstractRemoteTestNG.run(AbstractRemoteTestNG.java:115)
	at org.testng.remote.RemoteTestNG.initAndRun(RemoteTestNG.java:293)
	at org.testng.remote.RemoteTestNG.main(RemoteTestNG.java:91)

00:30:40.248 [INFO ] [BaseTestFront] - ----------------------------------------------------------------------
00:30:40.249 [INFO ] [BaseTestFront] -  -------------- The Test deleteContact has been completed
00:30:40.249 [INFO ] [BaseTestFront] - ----------------------------------------------------------------------
